         w __deregister_frame_info
         w __register_frame_info
         w _ITM_deregisterTMCloneTable
         w _ITM_registerTMCloneTable
         w _Jv_RegisterClasses
00000000 b .LANCHOR1
00000000 b _TLS_MODULE_BASE_
00000000 a shift
00000000 a shift
00000000 00002000 b tmp_buffer.7872
00001ff8 b .LANCHOR2
00002000 00000401 b __fixedpath
00002404 00000802 b __utf16path
00002c08 00000802 b __utf16path_old.7943
00100000 a __start__
00100000 T _start
00100008 T __service_ptr
0010000c T __apt_appid
00100010 T __heap_size
00100014 T __linear_heap_size
00100018 T __system_arglist
0010001c T __system_runflags
00100020 t startup
00100058 t ClearMem
0010006c t ClrLoop
00100094 T _init
001000ac T initSystem
001000f0 T __ctru_exit
00100110 T __aeabi_idiv
00100110 00000220 T __divsi3
00100118 t .divsi3_skip_div0_test
00100330 00000020 T __aeabi_idivmod
00100350 00000004 W __aeabi_idiv0
00100350 00000004 W __aeabi_ldiv0
00100354 T __aeabi_uldivmod
001003a8 00000390 T strcmp
00100730 t .udivsi3_skip_div0_test
00100730 T __aeabi_uidiv
00100730 000001ec T __udivsi3
0010091c 00000020 T __aeabi_uidivmod
0010093c t deregister_tm_clones
0010096c t register_tm_clones
001009a4 t __do_global_dtors_aux
001009e8 t frame_dummy
00100a44 000003d0 T http_download
00100e14 000000a8 T CreateFiles
00100ebc 00000090 T DownloadPlugin
00100f50 000000dc T main
0010102c 0000008c t gfxSetFramebufferInfo.part.0
001010b8 00000018 T __get_bytes_per_pixel
001010d0 00000174 T gfxSetScreenFormat
00101244 00000014 T gfxSetDoubleBuffering
00101258 00000070 T gfxSetFramebufferInfo
001012c8 00000088 T gfxWriteFramebufferInfo
00101350 000001fc T gfxInit
0010154c 00000010 T gfxInitDefault
0010155c 000000e0 T gfxExit
0010163c 000000b0 T gfxGetFramebuffer
001016ec 000000c8 T gfxFlushBuffers
001017b4 00000070 T gfxConfigScreen
00101824 00000020 T gfxSwapBuffers
00101844 00000020 T gfxSwapBuffersGpu
00101864 0000001c T debug_write
00101880 000001b0 T consoleDrawChar
00101a30 00000124 T consolePrintChar
00101b54 00000190 t consoleCls
00101ce4 000000f8 T consoleInit
00101ddc 00000144 t consoleClearLine
00101f20 000000bc t newRow
00101fdc 0000079c T con_write
00102778 00000188 T httpcInit
00102900 00000084 T httpcExit
00102984 0000013c T httpcOpenContext
00102ac0 00000044 T httpcCloseContext
00102b04 00000080 T httpcAddRequestHeaderField
00102b84 00000030 T httpcBeginRequest
00102bb4 00000044 T httpcReceiveData
00102bf8 00000104 T httpcDownloadData
00102cfc 00000054 T httpcGetDownloadSizeState
00102d50 00000078 T httpcGetResponseHeader
00102dc8 0000003c T httpcGetResponseStatusCode
00102e04 00000034 T httpcSetSSLOpt
00102e38 000000d0 T hidExit
00102f08 00000234 T hidScanInput
0010313c 00000010 T hidKeysDown
0010314c 00000090 T HIDUSER_GetHandles
001031dc 0000018c T hidInit
00103368 00000004 W _aptDebug
0010336c 00000130 T aptSendCommand
0010349c 0000003c t aptExitProcess
001034d8 0000004c T APT_InquireNotification
00103524 0000019c t aptEventHandler
001036c0 00000074 T APT_AppletUtility
00103734 000000b4 T aptSetSleepAllowed
001037e8 000000b4 T APT_GlanceParameter
0010389c 000000c0 T APT_ReceiveParameter
0010395c 000000a8 t aptReceiveParameter.constprop.1
00103a08 000001ec t aptScreenTransfer
00103bf4 00000228 t aptWaitForWakeUp
00103e1c 00000070 T APT_CancelParameter
00103e8c 00000230 T aptInit
001040bc 0000008c t aptClearParamQueue
00104148 00000214 T aptMainLoop
0010435c 00000148 T aptExit
001044a4 00000070 T APT_CheckNew3DS
00104514 00000160 t gspEventThreadMain
00104674 00000074 T gspInit
001046e8 0000003c T gspExit
00104724 00000088 T gspInitEventHandler
001047ac 00000030 T gspExitEventHandler
001047dc 00000044 T gspWaitForEvent
00104820 0000006c T GSPGPU_SetBufferSwap
0010488c 0000004c T GSPGPU_FlushDataCache
001048d8 00000034 T GSPGPU_SetLcdForceBlack
0010490c 00000064 T GSPGPU_RegisterInterruptRelayQueue
00104970 0000002c T GSPGPU_UnregisterInterruptRelayQueue
0010499c 00000048 T GSPGPU_AcquireRight
001049e4 0000002c T GSPGPU_ReleaseRight
00104a10 00000080 T GSPGPU_ImportDisplayCaptureInfo
00104a90 0000002c T GSPGPU_SaveVramSysArea
00104abc 0000002c T GSPGPU_RestoreVramSysArea
00104ae8 000000b0 T irrstScanInput
00104b98 0000001c T irrstKeysHeld
00104bb4 00000050 T IRRST_GetHandles
00104c04 00000150 T irrstInit
00104d54 0000002c T IRRST_Shutdown
00104d80 000000ac T irrstExit
00104e2c 000000c0 T utf8_to_utf16
00104eec 00000138 T decode_utf8
00105024 00000068 T encode_utf16
0010508c 000000e8 T __system_initArgv
00105174 00000038 W __libctru_init
001051ac T svcControlMemory
001051cc T svcExitProcess
001051d4 T svcCreateThread
001051f4 T svcExitThread
001051fc T svcSleepThread
00105204 T svcReleaseMutex
0010520c T svcCreateEvent
00105220 T svcSignalEvent
00105228 T svcClearEvent
00105230 T svcCreateMemoryBlock
00105248 T svcMapMemoryBlock
00105250 T svcUnmapMemoryBlock
00105258 T svcCreateAddressArbiter
0010526c T svcArbitrateAddress
00105284 T svcCloseHandle
0010528c T svcWaitSynchronization
00105294 T svcWaitSynchronizationN
001052bc T svcDuplicateHandle
001052d0 T svcGetSystemTick
001052d8 T svcGetSystemInfo
001052f0 T svcConnectToPort
00105304 T svcSendSyncRequest
0010530c T svcBreak
00105314 T svcOutputDebugString
0010531c 00000024 t addrMapNodeComparator(rbtree_node const*, rbtree_node const*)
00105340 00000004 t addrMapNodeDestructor(rbtree_node*)
00105344 0000013c T linearMemAlign
00105480 00000008 T linearAlloc
00105488 00000050 T linearFree
001054d8 00000024 t addrMapNodeComparator(rbtree_node const*, rbtree_node const*)
001054fc 00000004 t addrMapNodeDestructor(rbtree_node*)
00105500 000000f4 T mappableAlloc
001055f4 00000050 T mappableFree
00105644 00000024 t addrMapNodeComparator(rbtree_node const*, rbtree_node const*)
00105668 00000004 t addrMapNodeDestructor(rbtree_node*)
0010566c 0000012c T vramMemAlign
00105798 00000008 T vramAlloc
001057a0 00000050 T vramFree
001057f0 000001bc T threadCreate
001059ac 00000024 T threadJoin
001059d0 00000070 T threadExit
00105a40 00000040 t _thread_begin
00105a80 00000050 T srvExit
00105ad0 00000038 T srvRegisterClient
00105b08 00000078 T srvInit
00105b80 00000068 T srvGetServiceHandleDirect
00105be8 00000038 T srvGetServiceHandle
00105c20 00000058 t getSysTime
00105c78 00000024 T osGetMemRegionUsed
00105ca0 000000f4 T __libctru_gtod
00105d94 00000034 T __ctru_speedup_config
00105dc8 00000084 T envGetHandle
00105e4c 0000004c T envDestroyHandles
00105e98 00000034 t LightLock_Unlock.part.1
00105ecc 0000000c T __sync_init
00105ed8 00000018 T __sync_fini
00105ef0 00000010 T __sync_get_arbiter
00105f00 00000018 T LightLock_Init
00105f18 000000a0 T LightLock_Lock
00105fb8 00000034 T LightLock_TryLock
00105fec 00000020 T LightLock_Unlock
0010600c 00000024 T RecursiveLock_Init
00106030 00000030 T RecursiveLock_Lock
00106060 00000058 T RecursiveLock_TryLock
001060b8 00000038 T RecursiveLock_Unlock
001060f0 00000038 T LightEvent_Init
00106128 0000007c T LightEvent_Clear
001061a4 000000dc T LightEvent_Signal
00106280 000000d0 T LightEvent_Wait
00106350 00000070 T ptmSysmInit
001063c0 00000034 T ptmSysmExit
001063f4 00000034 T PTMSYSM_ConfigureNew3DSCPU
00106428 00000070 T rbtree_find
00106498 00000324 T rbtree_remove
001067bc 00000074 T rbtree_node_next
00106830 00000094 T rbtree_rotate
001068c4 0000018c t do_insert
00106a50 00000008 T rbtree_insert
00106a58 00000014 T rbtree_init
00106a6c 000000a4 W __libctru_exit
00106b10 0000001c W __appExit
00106b2c 00000058 t osGetMemRegionSize
00106b84 00000104 W __system_allocateHeaps
00106c88 00000030 t __ctru_get_reent
00106cb8 000000e4 T __system_initSyscalls
00106d9c 0000001c W __appInit
00106db8 00000098 T MemPool::CoalesceRight(MemBlock*)
00106e50 00000178 T MemPool::Allocate(MemChunk&, unsigned long, int)
00106fc8 00000100 T MemPool::Deallocate(MemChunk const&)
001070c8 00000010 t sdmc_link
001070d8 00000010 t sdmc_dirreset
001070e8 00000010 t sdmc_fchmod
001070f8 00000024 t error_cmp
0010711c 00000050 t sdmc_translate_error
0010716c 00000034 t sdmc_fsync
001071a0 00000054 t sdmc_ftruncate
001071f4 000000b8 t sdmc_statvfs
001072ac 00000038 t sdmc_dirclose
001072e4 00000138 t sdmc_dirnext
0010741c 00000034 t sdmc_close
00107450 00000074 t sdmc_fstat
001074c4 000000d8 t sdmc_seek
0010759c 00000084 t sdmc_read
00107620 00000110 t sdmc_write_safe
00107730 000001b4 t sdmc_utf16path
001078e4 00000074 t sdmc_rmdir
00107958 000000a4 t sdmc_diropen
001079fc 000000a0 t sdmc_chdir
00107a9c 00000098 t sdmc_mkdir
00107b34 00000108 t sdmc_rename
00107c3c 00000074 t sdmc_unlink
00107cb0 00000108 t sdmc_stat
00107db8 00000188 t sdmc_open
00107f40 00000010 t sdmc_chmod
00107f50 0000015c T sdmcInit
001080ac 00000058 T sdmcExit
00108104 00000028 t fsSessionForArchive.part.0
0010812c 000000c8 T fsInit
001081f4 00000038 T fsExit
0010822c 000000a0 T fsExemptFromSession
001082cc 00000054 T fsUnexemptFromSession
00108320 000000bc T FSUSER_OpenFile
001083dc 000000a4 T FSUSER_DeleteFile
00108480 000000e0 T FSUSER_RenameFile
00108560 000000a4 T FSUSER_DeleteDirectory
00108604 000000bc T FSUSER_CreateFile
001086c0 000000ac T FSUSER_CreateDirectory
0010876c 000000e0 T FSUSER_RenameDirectory
0010884c 000000a4 T FSUSER_OpenDirectory
001088f0 00000098 T FSUSER_OpenArchive
00108988 00000074 T FSUSER_CloseArchive
001089fc 00000078 T FSUSER_GetSdmcArchiveResource
00108a74 00000064 T FSUSER_IsSdmcWritable
00108ad8 0000005c T FSFILE_Read
00108b34 00000064 T FSFILE_Write
00108b98 0000003c T FSFILE_GetSize
00108bd4 0000002c T FSFILE_SetSize
00108c00 0000003c T FSFILE_Close
00108c3c 00000024 T FSFILE_Flush
00108c60 00000054 T FSDIR_Read
00108cb4 0000003c T FSDIR_Close
00108cf0 000000e8 T utf16_to_utf8
00108dd8 00000104 T encode_utf8
00108edc T __aeabi_read_tp
00108ee8 00000060 T decode_utf16
00108f48 00000128 T __udivmoddi4
00109070 00000074 T bsearch
001090e4 00000090 T _calloc_r
00109174 0000000c T __errno
00109180 00000154 T _fclose_r
001092d4 00000018 T fclose
001092ec 00000254 T __sflush_r
00109540 00000094 T _fflush_r
001095d4 00000038 T fflush
0010960c 0000000c T _cleanup_r
00109618 00000080 t std.isra.0
00109698 00000048 T __sfmoreglue
001096e0 0000008c T __sinit
0010976c 00000118 T __sfp
00109884 0000000c T __sfp_lock_acquire
00109890 0000000c T __sfp_lock_release
0010989c 00000040 T __libc_fini_array
001098dc 00000148 T _fopen_r
00109a24 00000020 T fopen
00109a44 000000f8 T _malloc_trim_r
00109b3c 000002e4 T _free_r
00109e20 00000004 T _fseek_r
00109e24 000005d4 T _fseeko_r
0010a3f8 00000078 T _fwalk
0010a470 00000080 T _fwalk_reent
0010a4f0 000000f4 T _fwrite_r
0010a5e4 00000038 T fwrite
0010a61c 00000078 T __libc_init_array
0010a694 00000094 T __swhatbuf_r
0010a728 000000f4 T __smakebuf_r
0010a81c 00000020 T memalign
0010a83c 00000158 T _memalign_r
0010a994 00000018 T malloc
0010a9ac 00000018 T free
0010a9c4 0000078c T _malloc_r
0010b150 00000104 T memchr
0010b254 00000114 T memcpy
0010b368 00000110 T memset
0010b478 0000000c T __malloc_lock
0010b484 0000000c T __malloc_unlock
0010b490 00000038 T printf
0010b4c8 0000001c T putchar
0010b4e4 000000d4 T _putc_r
0010b5b8 000000e0 T _puts_r
0010b698 00000018 T puts
0010b6b0 00000020 T realloc
0010b6d0 000004cc T _realloc_r
0010bb9c 0000001c t lflush
0010bbb8 000001b4 T __srefill_r
0010bd6c 00000028 T remove
0010bd94 00000258 T setvbuf
0010bfec 00000074 T sscanf
0010c060 0000003c T __sread
0010c09c 00000008 T __seofread
0010c0a4 00000064 T __swrite
0010c108 0000004c T __sseek
0010c154 00000008 T __sclose
0010c15c 0000005c T strlen
0010c1b8 0000009c T strncat
0010c254 00000108 T strncmp
0010c35c 000000d8 T strncpy
0010c434 0000290c T __ssvfscanf_r
0010ed40 00000020 T stat
0010ed60 0000001c t __sprint_r.part.0
0010ed7c 0000001c T __sprint_r
0010ed98 00001624 t get_arg
001103c0 00004314 T _vfprintf_r
001146d4 000000cc t __sbprintf
001147a0 00000108 T __swbuf_r
001148a8 000000a0 T _wcrtomb_r
00114948 00000020 T _wcsrtombs_r
00114968 00000144 T __swsetup_r
00114aac 000001d0 t quorem
00114c80 00001260 T _dtoa_r
00115ee0 000000b0 T __sflags
00115f90 000004ac T __sfvwrite_r
0011643c 00000074 T iswspace
001164b0 00000204 t __jp2uc
001166b4 000000c8 T _jp2uc
0011677c 00000008 T __localeconv_l
00116784 00000024 T _localeconv_r
001167a8 00000024 T __locale_mb_cur_max
001167cc 00000008 T __locale_ctype_ptr_l
001167d4 00000024 T __locale_ctype_ptr
001167f8 000000b4 T _mbrtowc_r
001168ac 00000300 T __utf8_mbtowc
00116bac 00000148 T memmove
00116cf4 00000088 T _Balloc
00116d7c 0000001c T _Bfree
00116d98 000000d8 T __multadd
00116e70 000000f0 T __s2b
00116f60 00000058 T __hi0bits
00116fb8 0000009c T __lo0bits
00117054 00000020 T __i2b
00117074 000001cc T __multiply
00117240 00000100 T __pow5mult
00117340 000000e4 T __lshift
00117424 00000060 T __mcmp
00117484 00000198 T __mdiff
0011761c 00000078 T __ulp
00117694 000000d4 T __b2d
00117768 00000108 T __d2b
00117870 0000007c T __ratio
001178ec 0000006c T __copybits
00117958 00000080 T __any_on
001179d8 000000cc T __sccl
00117aa4 0000000c T nanf
00117ab0 0000009c T frexp
00117b4c 00000068 T sprintf
00117bb4 00000100 T stpncpy
00117cb4 000001ac T strchr
00117e60 00000054 t sulp
00117eb8 00001434 T _strtod_l
001192ec 0000003c T _strtod_r
00119328 000002dc t _strtoll_l.isra.0
00119604 00000050 T _strtoll_r
00119654 00000220 t _strtol_l.isra.0
00119874 00000050 T _strtol_r
001198c8 00000268 t _strtoull_l.isra.0
00119b30 00000050 T _strtoull_r
00119b80 000001e4 t _strtoul_l.isra.0
00119d64 00000050 T _strtoul_r
00119db4 00000188 T __ssprint_r
00119f3c 000000e8 T _sungetc_r
0011a024 0000006c T __ssrefill_r
0011a090 000000d0 T _sfread_r
0011a160 00001624 t get_arg
0011b788 000041c4 T _svfprintf_r
0011f94c 000000a8 T __submore
0011f9f4 00000174 T _wcsnrtombs_l
0011fb68 00000064 T _wcsnrtombs_r
0011fbcc 000000e8 T __utf8_wctomb
0011fcb4 000000f0 t rshift
0011fda4 000007f4 T __gethex
00120598 00000064 T __match
001205fc 00000264 T __hexnan
00120860 00000008 t null_write
00120868 00000018 T setDefaultDevice
00120880 000000cc T FindDevice
0012094c 00000028 T RemoveDevice
00120974 00000098 T AddDevice
00120a0c 00000084 T _close_r
00120a90 0000007c T _fstat_r
00120b0c 00000008 T _isatty_r
00120b14 00000090 T _lseek_r
00120ba4 000000c0 T _open_r
00120c64 00000088 T _read_r
00120cec 00000070 T _sbrk_r
00120d5c 0000006c T _stat_r
00120dc8 0000006c T _unlink_r
00120e34 00000088 T _write_r
00120ebc 000001d4 T _concatenate_path
00121090 0000015c T chdir
001211ec 00000060 T mkdir
0012124c 00000008 T __flockfile
00121254 00000008 T __funlockfile
0012125c 00000018 T __libc_lock_acquire
00121274 00000018 T __libc_lock_release
0012128c 00000018 T __libc_lock_init_recursive
001212a4 00000018 T __libc_lock_acquire_recursive
001212bc 00000018 T __libc_lock_release_recursive
001212d4 00000018 T __libc_lock_close_recursive
001212ec 0000004c T __free_handle
00121338 00000040 T __release_handle
00121378 000000b4 T __alloc_handle
0012142c 00000018 T __get_handle
00121444 00000028 T __getreent
0012146c 0000005c T strnlen
001214c8 00000044 T strrchr
0012150c T _fini
00122000 00000014 r CSWTCH.26
00122014 00000008 r framebufferInfoSt
0012201c 00000068 r dotab_3dmoo
00122084 00000068 r dotab_stdout
001220ec 00000068 r dotab_null
00122154 00000030 r colorTable
00122184 0000000c r serviceNameTable.7434
00122190 R default_font_bin
00122990 R default_font_bin_end
00122990 R default_font_bin_size
00122994 00000030 r error_table
00122a50 r .LC2
00122ee4 00000004 R _global_impure_ptr
00122ef0 00000022 r basefix.8441
00122f54 00000010 r blanks.8415
00122f64 00000010 r zeroes.8416
00122f98 000000bc r a1
00123054 000000bc r a2
00123110 0000005b r a3
0012316c 00000070 r a6
001231dc 000000a2 r a7
00123280 00000040 r a8
001232c0 0000172a r b02cf
001249ec 00001a7c r d02f4
001264b0 00000028 R __mprec_bigtens
001264d8 000000c8 R __mprec_tens
001265a0 0000000c r p05.7191
001265bc 00000014 r fpi.7277
001265d0 00000014 r fpinan.7313
001265e8 00000028 r tinytens
00126610 0000006c R __action_table
0012667c 00000100 R __chclass
0012677c 0000006c R __state_table
001267e8 00000010 r blanks.8400
001267f8 00000010 r zeroes.8401
00126808 00000101 R _ctype_
0012690c 00000100 R __hexdig
00126a14 00000068 R dotab_stdnull
00126a7c 00000003 R DIRECTORY_PARENT
00126a80 r __EH_FRAME_BEGIN__
00126a80 R __exidx_end
00126a80 R __exidx_start
00127000 00000001 d topFormat
00127001 00000001 d botFormat
00127004 00000008 d doubleBuf
0012700c 0000004c D defaultConsole
00127058 00000004 D currentConsole
0012705c 00000001 d firstConsoleInit.7754
00127060 00000004 d aptFlags
00127064 00000004 d gspLastEvent
00127068 W __stacksize__
0012706c 00000004 V __ctru_linear_heap_size
00127070 00000401 d __cwd
00127474 00000068 d sdmc_devoptab
001274dc 0000000c d __sfp_lock
001274e8 0000000c d __sinit_lock
001274f4 00000004 D _impure_ptr
001274f8 00000460 d impure_data
00127958 00000408 D __malloc_av_
00127d60 00000004 D __malloc_sbrk_base
00127d64 00000004 D __malloc_trim_threshold
00127d68 0000000c d __malloc_lock_object
00127d74 0000016c D __global_locale
00127ee0 00000004 d defaultDevice
00127ee4 00000040 D devoptab_list
00127f24 00001000 d _current_working_directory
00128f24 00000004 d __hndl_lock
00128f28 0000000c d __stderr_handle
00128f34 0000000c d __stdin_handle
00128f40 0000000c d __stdout_handle
00128f4c 00001000 d handles
00129f4c t __frame_dummy_init_array_entry
00129f4c T __init_array_start
00129f4c d __JCR_LIST__
00129f4c B __preinit_array_end
00129f4c B __preinit_array_start
00129f4c D __tdata_lma
00129f4c D __tdata_lma_end
00129f4c D __TMC_END__
00129f4c d __TMC_LIST__
00129f50 t __do_global_dtors_aux_fini_array_entry
00129f50 T __fini_array_start
00129f50 T __init_array_end
00129f54 T __bss_start__
00129f54 T __fini_array_end
00129f54 00000001 b enable3d
00129f58 00000004 b screenAlloc
00129f5c 00000004 b screenFree
00129f60 00000002 b currentBuffer
00129f64 00000004 b __httpc_refcount
00129f68 00000004 b __httpc_sharedmem_size
00129f6c 00000004 b __httpc_sharedmem_handle
00129f70 00000004 b hidRefCount
00129f74 00000004 b kOld
00129f78 00000004 b kHeld
00129f7c 00000004 b cPos
00129f80 00000004 b tPos
00129f84 00000006 b aVec
00129f8c 00000006 b gRate
00129f94 00000004 b kDown
00129f98 00000004 b kUp
00129f9c 00000004 b aptLockHandle
00129fa0 00000004 b serviceName.7433
00129fa4 0000000c b aptFirstHook
00129fb0 00000004 b aptMessageFunc
00129fb4 00000004 b aptMessageFuncData
00129fb8 0000000c b aptEvents
00129fc4 00000001 b aptHomeButtonState
00129fc8 00000008 b aptSleepEvent
00129fd0 00001000 b aptParameters
0012afd0 00000004 b aptRefCount
0012afd4 00000004 b aptEventHandlerThread
0012afd8 00000001 b flagInit.7784
0012afd9 00000001 b flagValue.7785
0012afdc 00000001 b gspRunEvents
0012afe0 00000004 b gspEvent
0012afe4 00000004 b gspEventData
0012afe8 0000001c b gspEventCb
0012b004 00000007 b gspEventCbOneShot
0012b00c 0000001c b gspEventCbData
0012b028 00000038 b gspEvents
0012b060 0000001c b gspEventCounts
0012b07c 00000004 b gspRefCount
0012b080 00000004 b gspEventThread
0012b084 00000004 b irrstRefCount
0012b088 00000004 b kHeld
0012b08c 00000004 b csPos
0012b090 b saved_stack
0012b098 00000008 b sLinearPool
0012b0a0 0000000c b sAddrMap
0012b0ac 00000008 b sMappablePool
0012b0b4 0000000c b sAddrMap
0012b0c0 00000008 b sVramPool
0012b0c8 0000000c b sAddrMap
0012b0d4 00000004 b srvRefCount
0012b0d8 00000004 b srvHandle
0012b0dc 00000001 V __ctru_speedup
0012b0e0 00000004 b arbiter
0012b0e4 00000004 b ptmSysmRefCount
0012b0e8 00000004 b ptmSysmHandle
0012b0ec 00000004 V __ctru_heap_size
0012b0f0 00000008 b sdmcArchive
0012b0f8 00000001 b sdmcInitialised
0012b100 00000004 b fsuHandle
0012b104 00000004 b fsuRefCount
0012b108 00000080 b fsExemptArchives
0012b188 b completed.7620
0012b18c b object.7625
0012b1a4 00000028 B __malloc_current_mallinfo
0012b1cc 00000004 B __malloc_max_sbrked_mem
0012b1d0 00000004 B __malloc_max_total_mem
0012b1d4 00000004 B __malloc_top_pad
0012b1d8 00000004 b heap_start.6927
0012b1dc 00000004 B fake_heap_end
0012b1e0 00000004 B fake_heap_start
0012b1e4 00001000 b temp_cwd
0012c1e4 00000038 B __syscalls
0012c21c 00000008 B gfxBottomFramebuffers
0012c224 00000004 B gspSharedMemHandle
0012c228 0000001c B bottomFramebufferInfo
0012c244 00000004 B gspEvent
0012c248 00000008 B gfxTopLeftFramebuffers
0012c250 00000008 B gfxTopRightFramebuffers
0012c258 0000001c B topFramebufferInfo
0012c274 00000001 B gfxThreadID
0012c278 00000004 B gfxSharedMemory
0012c27c 00000004 B gfxTopFramebufferMaxSize
0012c280 00000004 B gfxBottomFramebufferMaxSize
0012c284 0000004c B currentCopy
0012c2d0 00000004 B gxCmdBuf
0012c2d4 00000004 B __httpc_servhandle
0012c2d8 00000004 B __httpc_sharedmem_addr
0012c2dc 00000004 B hidMemHandle
0012c2e0 00000004 B hidHandle
0012c2e4 00000004 B hidSharedMem
0012c2e8 00000014 B hidEvents
0012c2fc 00000004 B gspGpuHandle
0012c300 00000004 B irrstHandle
0012c304 00000004 B irrstEvent
0012c308 00000004 B irrstMemHandle
0012c30c 00000004 B irrstSharedMem
0012c310 00000004 B __system_argv
0012c314 00000004 B __system_argc
0012c318 00000004 B __system_retAddr
0012c31c 00000004 B __ctru_linear_heap
0012c320 00000004 B __ctru_heap
0012c324 B __tls_start
0012f730 B __bss_end__
0012f730 A __end__
0012f730 B __tls_end
